C:\Program Files (x86)\Microsoft Visual Studio\2019\Community\MSBuild\Microsoft\VC\v160\Microsoft.CppClean.targets(76,5): warning : Access to the path 'c:\users\tasuka\desktop\depth_perception\build\debug\depth_detect.exe' is denied.
  Building Custom Rule C:/Users/tasuka/Desktop/Depth_Perception/CMakeLists.txt
cl : command line warning D9002: ignoring unknown option '-std=c++14'
cl : command line warning D9002: ignoring unknown option '-g'
cl : command line warning D9002: ignoring unknown option '-O3'
  depth_detect.cpp
C:\Program Files\NVIDIA GPU Computing Toolkit\CUDA\v10.2\include\cuda.h(13166,1): warning C4819: The file contains a character that cannot be represented in the current code page (936). Save the file in Unicode format to prevent data loss
C:\Program Files\NVIDIA GPU Computing Toolkit\CUDA\v10.2\include\cuda_runtime_api.h(9349,1): warning C4819: The file contains a character that cannot be represented in the current code page (936). Save the file in Unicode format to prevent data loss
C:\Program Files\NVIDIA GPU Computing Toolkit\CUDA\v10.2\include\cuda_runtime_api.h(9349,1): warning C4819: The file contains a character that cannot be represented in the current code page (936). Save the file in Unicode format to prevent data loss
C:\Program Files\NVIDIA GPU Computing Toolkit\CUDA\v10.2\include\cuda_runtime_api.h(9349,1): warning C4819: The file contains a character that cannot be represented in the current code page (936). Save the file in Unicode format to prevent data loss
C:\Program Files\NVIDIA GPU Computing Toolkit\CUDA\v10.2\include\cuda_runtime_api.h(9349,1): warning C4819: The file contains a character that cannot be represented in the current code page (936). Save the file in Unicode format to prevent data loss
C:\Program Files\NVIDIA GPU Computing Toolkit\CUDA\v10.2\include\cuda_runtime_api.h(9349,1): warning C4819: The file contains a character that cannot be represented in the current code page (936). Save the file in Unicode format to prevent data loss
C:\Users\tasuka\Desktop\Depth_Perception\src\depth_detect.cpp(4,10): warning C4067: unexpected tokens following preprocessor directive - expected a newline
C:\Program Files (x86)\ZED SDK\dependencies\opencv_3.1.0\include\opencv2/core/mat.hpp(1965,1): warning C4819: The file contains a character that cannot be represented in the current code page (936). Save the file in Unicode format to prevent data loss
C:\Program Files (x86)\ZED SDK\dependencies\opencv_3.1.0\include\opencv2/core/persistence.hpp(1,1): warning C4819: The file contains a character that cannot be represented in the current code page (936). Save the file in Unicode format to prevent data loss
C:\Program Files (x86)\ZED SDK\dependencies\opencv_3.1.0\include\opencv2/core/utility.hpp(1,1): warning C4819: The file contains a character that cannot be represented in the current code page (936). Save the file in Unicode format to prevent data loss
C:\Program Files (x86)\ZED SDK\dependencies\opencv_3.1.0\include\opencv2/core/utility.hpp(1,1): warning C4819: The file contains a character that cannot be represented in the current code page (936). Save the file in Unicode format to prevent data loss
C:\Users\tasuka\Desktop\Depth_Perception\src\depth_detect.cpp(5,10): warning C4067: unexpected tokens following preprocessor directive - expected a newline
C:\Users\tasuka\Desktop\Depth_Perception\src\depth_detect.cpp(6,10): warning C4067: unexpected tokens following preprocessor directive - expected a newline
C:\Users\tasuka\Desktop\Depth_Perception\src\depth_detect.cpp(48,37): warning C4244: '=': conversion from 'double' to 'float', possible loss of data
C:\Users\tasuka\Desktop\Depth_Perception\src\depth_detect.cpp(49,37): warning C4244: 'initializing': conversion from 'double' to 'float', possible loss of data
C:\Users\tasuka\Desktop\Depth_Perception\src\depth_detect.cpp(50,39): warning C4244: 'initializing': conversion from 'double' to 'float', possible loss of data
C:\Users\tasuka\Desktop\Depth_Perception\src\depth_detect.cpp(59,42): warning C4244: '=': conversion from 'long double' to 'float', possible loss of data
  depth_detect.vcxproj -> C:\Users\tasuka\Desktop\Depth_Perception\build\Debug\depth_detect.exe
